<?xml version="1.0" encoding="UTF-8"?>
<testsuite name="FindMatch.AppTest" tests="6" skipped="0" failures="0" errors="0" timestamp="2023-05-04T01:16:33" hostname="JOSHNA" time="1.745">
  <properties/>
  <testcase name="testEasyButton" classname="FindMatch.AppTest" time="0.367"/>
  <testcase name="testHardButton" classname="FindMatch.AppTest" time="0.221"/>
  <testcase name="testMediumButton" classname="FindMatch.AppTest" time="0.196"/>
  <testcase name="testScoreDecrement" classname="FindMatch.AppTest" time="0.342"/>
  <testcase name="testNotAllFound" classname="FindMatch.AppTest" time="0.356"/>
  <testcase name="testNoMatch" classname="FindMatch.AppTest" time="0.261"/>
  <system-out><![CDATA[]]></system-out>
  <system-err><![CDATA[]]></system-err>
</testsuite>
