<?xml version="1.0" encoding="UTF-8"?>
<testsuite name="FindMatch.AppTest" tests="1" skipped="0" failures="0" errors="0" timestamp="2023-05-03T16:20:12" hostname="JOSHNA" time="0.516">
  <properties/>
  <testcase name="testLevelButton" classname="FindMatch.AppTest" time="0.516"/>
  <system-out><![CDATA[]]></system-out>
  <system-err><![CDATA[]]></system-err>
</testsuite>
