<?xml version="1.0" encoding="UTF-8"?>
<testsuite name="FindMatch.AppTest" tests="7" skipped="0" failures="0" errors="0" timestamp="2023-05-03T22:03:59" hostname="JOSHNA" time="3.024">
  <properties/>
  <testcase name="testEasyButton" classname="FindMatch.AppTest" time="0.518"/>
  <testcase name="testAllFound" classname="FindMatch.AppTest" time="1.228"/>
  <testcase name="testHardButton" classname="FindMatch.AppTest" time="0.208"/>
  <testcase name="testMatch" classname="FindMatch.AppTest" time="0.27"/>
  <testcase name="testMediumButton" classname="FindMatch.AppTest" time="0.252"/>
  <testcase name="testScoreDecrement" classname="FindMatch.AppTest" time="0.233"/>
  <testcase name="testNotAllFound" classname="FindMatch.AppTest" time="0.31"/>
  <system-out><![CDATA[]]></system-out>
  <system-err><![CDATA[]]></system-err>
</testsuite>
